<?xml version="1.0" encoding="UTF-8"?>
<!-- Generated by org.testng.reporters.JUnitReportReporter -->
<testsuite hostname="USGURNKUMARSA04" failures="0" tests="3" name="package1.TestCaseGrouping" time="0.012" errors="0" timestamp="2023-03-27T11:43:26 IST" skipped="0">
  <testcase classname="package1.TestCaseGrouping" name="testCaseOne" time="0.001"/>
  <system-out/>
  <testcase classname="package1.TestCaseGrouping" name="testCaseTwo" time="0.000"/>
  <system-out/>
  <testcase classname="package1.TestCaseGrouping" name="testCaseFour" time="0.011"/>
  <system-out/>
</testsuite> <!-- package1.TestCaseGrouping -->
