<?xml version="1.0" encoding="UTF-8"?>
<!-- Generated by org.testng.reporters.JUnitReportReporter -->
<testsuite hostname="USGURNKUMARSA04" failures="0" tests="1" name="package1.AnnotationsTest" time="0.005" errors="0" timestamp="2023-03-27T11:41:08 IST" skipped="0">
  <testcase classname="package1.AnnotationsTest" name="first" time="0.005"/>
  <system-out/>
</testsuite> <!-- package1.AnnotationsTest -->
