<?xml version="1.0" encoding="UTF-8"?>
<!-- Generated by org.testng.reporters.JUnitReportReporter -->
<testsuite hostname="USGURNKUMARSA04" failures="0" tests="2" name="dataprovider.DataProviderExample1" time="0.007" errors="0" timestamp="2023-03-27T11:52:33 IST" skipped="0">
  <testcase classname="dataprovider.DataProviderExample1" name="testAddition" time="0.001"/>
  <system-out/>
  <testcase classname="dataprovider.DataProviderExample1" name="testAddition" time="0.006"/>
  <system-out/>
</testsuite> <!-- dataprovider.DataProviderExample1 -->
