<?xml version="1.0" encoding="UTF-8"?>
<!-- Generated by org.testng.reporters.JUnitReportReporter -->
<testsuite hostname="USGURNKUMARSA04" failures="0" tests="4" name="package1.SkippingExample" time="0.005" errors="0" timestamp="2023-03-25T15:39:11 IST" skipped="2">
  <testcase classname="package1.SkippingExample" name="testThree" time="0.001">
    <skipped/>
  </testcase> <!-- testThree -->
  <system-out/>
  <testcase classname="package1.SkippingExample" name="testOne" time="0.002"/>
  <system-out/>
  <testcase classname="package1.SkippingExample" name="testFour" time="0.002"/>
  <system-out/>
  <testcase classname="package1.SkippingExample" name="testTwo">
    <skipped/>
  </testcase> <!-- testTwo -->
  <system-out/>
</testsuite> <!-- package1.SkippingExample -->
