<?xml version="1.0" encoding="UTF-8"?>
<!-- Generated by org.testng.reporters.JUnitReportReporter -->
<testsuite hostname="USGURNKUMARSA04" failures="0" tests="1" name="package1.DemoClass" time="0.007" errors="0" timestamp="2023-03-25T15:39:11 IST" skipped="0">
  <testcase classname="package1.DemoClass" name="test" time="0.007"/>
  <system-out/>
</testsuite> <!-- package1.DemoClass -->
