<?xml version="1.0" encoding="UTF-8"?>
<!-- Generated by org.testng.reporters.JUnitReportReporter -->
<testsuite hostname="USGURNKUMARSA04" failures="0" tests="4" name="package1.MultiTestDependency" time="0.014" errors="0" timestamp="2023-03-25T16:02:37 IST" skipped="0">
  <testcase classname="package1.MultiTestDependency" name="init" time="0.009"/>
  <system-out/>
  <testcase classname="package1.MultiTestDependency" name="stop" time="0.002"/>
  <system-out/>
  <testcase classname="package1.MultiTestDependency" name="start" time="0.001"/>
  <system-out/>
  <testcase classname="package1.MultiTestDependency" name="process" time="0.002"/>
  <system-out/>
</testsuite> <!-- package1.MultiTestDependency -->
