<?xml version="1.0" encoding="UTF-8"?>
<!-- Generated by org.testng.reporters.JUnitReportReporter -->
<testsuite hostname="USGURNKUMARSA04" failures="0" tests="2" name="package1.TestParameter" time="0.007" errors="0" timestamp="2023-03-27T11:47:43 IST" skipped="0">
  <testcase classname="package1.TestParameter" name="testCaseOne" time="0.006"/>
  <system-out/>
  <testcase classname="package1.TestParameter" name="testCaseTwo" time="0.001"/>
  <system-out/>
</testsuite> <!-- package1.TestParameter -->
