<?xml version="1.0" encoding="UTF-8"?>
<!-- Generated by org.testng.reporters.JUnitReportReporter -->
<testsuite hostname="USGURNKUMARSA04" failures="0" tests="4" name="package1.PriorityExample" time="0.006" errors="0" timestamp="2023-03-25T15:39:11 IST" skipped="0">
  <testcase classname="package1.PriorityExample" name="testOne" time="0.001"/>
  <system-out/>
  <testcase classname="package1.PriorityExample" name="testTwo" time="0.001"/>
  <system-out/>
  <testcase classname="package1.PriorityExample" name="testThree" time="0.002"/>
  <system-out/>
  <testcase classname="package1.PriorityExample" name="testFour" time="0.002"/>
  <system-out/>
</testsuite> <!-- package1.PriorityExample -->
