<?xml version="1.0" encoding="UTF-8"?>
<!-- Generated by org.testng.reporters.JUnitReportReporter -->
<testsuite hostname="USGURNKUMARSA04" failures="0" tests="2" name="testpackage.FacebookProfileTest" time="0.003" errors="0" timestamp="2023-03-27T12:33:16 IST" skipped="0">
  <testcase classname="testpackage.FacebookProfileTest" name="checkProfileLink" time="0.002"/>
  <system-out/>
  <testcase classname="testpackage.FacebookProfileTest" name="checkProfileLogo" time="0.001"/>
  <system-out/>
</testsuite> <!-- testpackage.FacebookProfileTest -->
