<?xml version="1.0" encoding="UTF-8"?>
<!-- Generated by org.testng.reporters.JUnitReportReporter -->
<testsuite hostname="USGURNKUMARSA04" failures="0" tests="3" name="testpackage.FacebookLogin" time="0.009" errors="0" timestamp="2023-03-27T12:33:16 IST" skipped="0">
  <testcase classname="testpackage.FacebookLogin" name="loginWithInValidCredentials" time="0.007"/>
  <system-out/>
  <testcase classname="testpackage.FacebookLogin" name="loginWithInValidUserName" time="0.001"/>
  <system-out/>
  <testcase classname="testpackage.FacebookLogin" name="loginWithValidCredentials" time="0.001"/>
  <system-out/>
</testsuite> <!-- testpackage.FacebookLogin -->
