<?xml version="1.0" encoding="UTF-8"?>
<!-- Generated by org.testng.reporters.JUnitReportReporter -->
<testsuite hostname="USGURNKUMARSA04" failures="0" tests="8" name="dataprovider.DataProviderExample2" time="0.011" errors="0" timestamp="2023-03-27T11:53:44 IST" skipped="0">
  <testcase classname="dataprovider.DataProviderExample2" name="test1" time="0.001"/>
  <system-out/>
  <testcase classname="dataprovider.DataProviderExample2" name="test" time="0.001"/>
  <system-out/>
  <testcase classname="dataprovider.DataProviderExample2" name="test1" time="0.001"/>
  <system-out/>
  <testcase classname="dataprovider.DataProviderExample2" name="test1" time="0.001"/>
  <system-out/>
  <testcase classname="dataprovider.DataProviderExample2" name="test1" time="0.000"/>
  <system-out/>
  <testcase classname="dataprovider.DataProviderExample2" name="test" time="0.005"/>
  <system-out/>
  <testcase classname="dataprovider.DataProviderExample2" name="test" time="0.001"/>
  <system-out/>
  <testcase classname="dataprovider.DataProviderExample2" name="test" time="0.001"/>
  <system-out/>
</testsuite> <!-- dataprovider.DataProviderExample2 -->
