<?xml version="1.0" encoding="UTF-8"?>
<!-- Generated by org.testng.reporters.JUnitReportReporter -->
<testsuite hostname="USGURNKUMARSA04" failures="0" tests="1" name="com.testing.maven.MavenTestNGExample" time="0.008" errors="0" timestamp="2023-03-24T11:43:15 IST" skipped="0">
  <testcase classname="com.testing.maven.MavenTestNGExample" name="myTest" time="0.008"/>
  <system-out/>
</testsuite> <!-- com.testing.maven.MavenTestNGExample -->
