<?xml version="1.0" encoding="UTF-8"?>
<!-- Generated by org.testng.reporters.JUnitReportReporter -->
<testsuite hostname="USGURNKUMARSA04" failures="0" tests="1" name="com.testing.maven.MavenTestNGExample" time="0.007" errors="0" timestamp="2023-03-08T21:32:45 IST" skipped="0">
  <testcase classname="com.testing.maven.MavenTestNGExample" name="myTest" time="0.007"/>
  <system-out/>
</testsuite> <!-- com.testing.maven.MavenTestNGExample -->
