<?xml version="1.0" encoding="UTF-8"?>
<!-- Generated by org.testng.reporters.JUnitReportReporter -->
<testsuite hostname="USGURNKUMARSA04" failures="0" tests="2" name="com.package1.DemoClass1" time="0.013" errors="0" timestamp="2023-03-24T23:23:15 IST" skipped="0">
  <testcase classname="com.package1.DemoClass1" name="testSubtract" time="0.002"/>
  <system-out/>
  <testcase classname="com.package1.DemoClass1" name="testAdd" time="0.011"/>
  <system-out/>
</testsuite> <!-- com.package1.DemoClass1 -->
