<?xml version="1.0" encoding="UTF-8"?>
<!-- Generated by org.testng.reporters.JUnitReportReporter -->
<testsuite hostname="USGURNKUMARSA04" failures="0" tests="8" name="com.testng.dataprovider2.DataProviderExample" time="0.016" errors="0" timestamp="2023-03-23T22:28:52 IST" skipped="0">
  <testcase classname="com.testng.dataprovider2.DataProviderExample" name="test1" time="0.002"/>
  <system-out/>
  <testcase classname="com.testng.dataprovider2.DataProviderExample" name="test1" time="0.001"/>
  <system-out/>
  <testcase classname="com.testng.dataprovider2.DataProviderExample" name="test1" time="0.001"/>
  <system-out/>
  <testcase classname="com.testng.dataprovider2.DataProviderExample" name="test" time="0.006"/>
  <system-out/>
  <testcase classname="com.testng.dataprovider2.DataProviderExample" name="test" time="0.002"/>
  <system-out/>
  <testcase classname="com.testng.dataprovider2.DataProviderExample" name="test" time="0.001"/>
  <system-out/>
  <testcase classname="com.testng.dataprovider2.DataProviderExample" name="test" time="0.001"/>
  <system-out/>
  <testcase classname="com.testng.dataprovider2.DataProviderExample" name="test1" time="0.002"/>
  <system-out/>
</testsuite> <!-- com.testng.dataprovider2.DataProviderExample -->
