<?xml version="1.0" encoding="UTF-8"?>
<!-- Generated by org.testng.reporters.JUnitReportReporter -->
<testsuite hostname="USGURNKUMARSA04" failures="0" tests="2" name="com.testing.traning.TestParameter" time="0.003" errors="0" timestamp="2023-03-08T22:18:47 IST" skipped="0">
  <testcase classname="com.testing.traning.TestParameter" name="testCaseTwo" time="0.002"/>
  <system-out/>
  <testcase classname="com.testing.traning.TestParameter" name="testCaseOne" time="0.001"/>
  <system-out/>
</testsuite> <!-- com.testing.traning.TestParameter -->
