<?xml version="1.0" encoding="UTF-8"?>
<!-- Generated by org.testng.reporters.JUnitReportReporter -->
<testsuite hostname="USGURNKUMARSA04" failures="0" tests="2" name="com.testing.traning.SampleClassOne" time="0.003" errors="0" timestamp="2023-02-26T16:13:58 IST" skipped="0">
  <testcase classname="com.testing.traning.SampleClassOne" name="sampleTestOneMethodTwo" time="0.001"/>
  <system-out/>
  <testcase classname="com.testing.traning.SampleClassOne" name="sampleTestOneMethodOne" time="0.002"/>
  <system-out/>
</testsuite> <!-- com.testing.traning.SampleClassOne -->
