<?xml version="1.0" encoding="UTF-8"?>
<!-- Generated by org.testng.reporters.JUnitReportReporter -->
<testsuite hostname="USGURNKUMARSA04" failures="0" tests="4" name="com.testing.dataprovider.ITestContextExample2" time="0.013" errors="0" timestamp="2023-03-08T17:33:27 IST" skipped="0">
  <testcase classname="com.testing.dataprovider.ITestContextExample2" name="testMethod" time="0.001"/>
  <system-out/>
  <testcase classname="com.testing.dataprovider.ITestContextExample2" name="testMethod" time="0.003"/>
  <system-out/>
  <testcase classname="com.testing.dataprovider.ITestContextExample2" name="testMethod" time="0.007"/>
  <system-out/>
  <testcase classname="com.testing.dataprovider.ITestContextExample2" name="testMethod" time="0.002"/>
  <system-out/>
</testsuite> <!-- com.testing.dataprovider.ITestContextExample2 -->
