<?xml version="1.0" encoding="UTF-8"?>
<!-- Generated by org.testng.reporters.JUnitReportReporter -->
<testsuite hostname="USGURNKUMARSA04" failures="0" tests="4" name="com.testing.traning.MultiTestDependency" time="0.017" errors="0" timestamp="2023-03-07T13:55:38 IST" skipped="0">
  <testcase classname="com.testing.traning.MultiTestDependency" name="init" time="0.013"/>
  <system-out/>
  <testcase classname="com.testing.traning.MultiTestDependency" name="stop" time="0.001"/>
  <system-out/>
  <testcase classname="com.testing.traning.MultiTestDependency" name="start" time="0.001"/>
  <system-out/>
  <testcase classname="com.testing.traning.MultiTestDependency" name="process" time="0.002"/>
  <system-out/>
</testsuite> <!-- com.testing.traning.MultiTestDependency -->
