<?xml version="1.0" encoding="UTF-8"?>
<!-- Generated by org.testng.reporters.JUnitReportReporter -->
<testsuite hostname="USGURNKUMARSA04" failures="0" tests="3" name="com.testing.traning.TestCaseGrouping" time="0.010" errors="0" timestamp="2023-03-07T13:17:57 IST" skipped="0">
  <testcase classname="com.testing.traning.TestCaseGrouping" name="testCaseOne" time="0.002"/>
  <system-out/>
  <testcase classname="com.testing.traning.TestCaseGrouping" name="testCaseTwo" time="0.001"/>
  <system-out/>
  <testcase classname="com.testing.traning.TestCaseGrouping" name="testCaseFour" time="0.007"/>
  <system-out/>
</testsuite> <!-- com.testing.traning.TestCaseGrouping -->
