<?xml version="1.0" encoding="UTF-8"?>
<!-- Generated by org.testng.reporters.JUnitReportReporter -->
<testsuite hostname="USGURNKUMARSA04" failures="0" tests="2" name="mysampletestNGproject.FacebookProfileTest" time="0.004" errors="0" timestamp="2023-02-26T16:13:58 IST" skipped="0">
  <testcase classname="mysampletestNGproject.FacebookProfileTest" name="checkProfileLink" time="0.002"/>
  <system-out/>
  <testcase classname="mysampletestNGproject.FacebookProfileTest" name="checkProfileLogo" time="0.002"/>
  <system-out/>
</testsuite> <!-- mysampletestNGproject.FacebookProfileTest -->
