<?xml version="1.0" encoding="UTF-8"?>
<!-- Generated by org.testng.reporters.JUnitReportReporter -->
<testsuite hostname="USGURNKUMARSA04" failures="0" tests="4" name="com.testing.traning.SkippingExample" time="0.011" errors="0" timestamp="2023-02-26T16:40:58 IST" skipped="2">
  <testcase classname="com.testing.traning.SkippingExample" name="testFour" time="0.008"/>
  <system-out/>
  <testcase classname="com.testing.traning.SkippingExample" name="testThree" time="0.002">
    <skipped/>
  </testcase> <!-- testThree -->
  <system-out/>
  <testcase classname="com.testing.traning.SkippingExample" name="testOne" time="0.001"/>
  <system-out/>
  <testcase classname="com.testing.traning.SkippingExample" name="testTwo">
    <skipped/>
  </testcase> <!-- testTwo -->
  <system-out/>
</testsuite> <!-- com.testing.traning.SkippingExample -->
