<?xml version="1.0" encoding="UTF-8"?>
<!-- Generated by org.testng.reporters.JUnitReportReporter -->
<testsuite hostname="USGURNKUMARSA04" failures="0" tests="2" name="com.testing.dataprovider.TestParameterExample" time="0.009" errors="0" timestamp="2023-03-08T13:21:21 IST" skipped="0">
  <testcase classname="com.testing.dataprovider.TestParameterExample" name="testAddition" time="0.001"/>
  <system-out/>
  <testcase classname="com.testing.dataprovider.TestParameterExample" name="testAddition" time="0.008"/>
  <system-out/>
</testsuite> <!-- com.testing.dataprovider.TestParameterExample -->
