<?xml version="1.0" encoding="UTF-8"?>
<!-- Generated by org.testng.reporters.JUnitReportReporter -->
<testsuite hostname="USGURNKUMARSA04" failures="0" tests="4" name="com.testing.traning.PriorityExample" time="0.013" errors="0" timestamp="2023-03-07T11:13:28 IST" skipped="0">
  <testcase classname="com.testing.traning.PriorityExample" name="testOne" time="0.009"/>
  <system-out/>
  <testcase classname="com.testing.traning.PriorityExample" name="testTwo" time="0.002"/>
  <system-out/>
  <testcase classname="com.testing.traning.PriorityExample" name="testThree" time="0.001"/>
  <system-out/>
  <testcase classname="com.testing.traning.PriorityExample" name="testFour" time="0.001"/>
  <system-out/>
</testsuite> <!-- com.testing.traning.PriorityExample -->
