<?xml version="1.0" encoding="UTF-8"?>
<!-- Generated by org.testng.reporters.JUnitReportReporter -->
<testsuite hostname="USGURNKUMARSA04" failures="0" tests="3" name="mysampletestNGproject.FacebookLogin" time="0.013" errors="0" timestamp="2023-02-26T16:13:58 IST" skipped="0">
  <testcase classname="mysampletestNGproject.FacebookLogin" name="loginWithInValidUserName" time="0.001"/>
  <system-out/>
  <testcase classname="mysampletestNGproject.FacebookLogin" name="loginWithValidCredentials" time="0.001"/>
  <system-out/>
  <testcase classname="mysampletestNGproject.FacebookLogin" name="loginWithInValidCredentials" time="0.011"/>
  <system-out/>
</testsuite> <!-- mysampletestNGproject.FacebookLogin -->
