<?xml version="1.0" encoding="UTF-8"?>
<!-- Generated by org.testng.reporters.JUnitReportReporter -->
<testsuite hostname="USGURNKUMARSA04" failures="0" tests="3" name="com.testing.dataprovider.DataProviderParameterExample" time="0.004" errors="0" timestamp="2023-03-08T22:18:47 IST" skipped="0">
  <testcase classname="com.testing.dataprovider.DataProviderParameterExample" name="scenario1" time="0.001"/>
  <system-out/>
  <testcase classname="com.testing.dataprovider.DataProviderParameterExample" name="commonScenarios" time="0.002"/>
  <system-out/>
  <testcase classname="com.testing.dataprovider.DataProviderParameterExample" name="scenario2" time="0.001"/>
  <system-out/>
</testsuite> <!-- com.testing.dataprovider.DataProviderParameterExample -->
