<?xml version="1.0" encoding="UTF-8"?>
<!-- Generated by org.testng.reporters.JUnitReportReporter -->
<testsuite hostname="USGURNKUMARSA04" failures="0" tests="1" name="com.testing.dataprovider.ITestContextExample" time="0.009" errors="0" timestamp="2023-03-08T17:17:31 IST" skipped="0">
  <testcase classname="com.testing.dataprovider.ITestContextExample" name="testMethod" time="0.009"/>
  <system-out/>
</testsuite> <!-- com.testing.dataprovider.ITestContextExample -->
