<?xml version="1.0" encoding="UTF-8"?>
<!-- Generated by org.testng.reporters.JUnitReportReporter -->
<testsuite hostname="USGURNKUMARSA04" failures="0" tests="4" name="com.testng.dataprovider1.DataProviderClassWithMethodParameterExample" time="0.009" errors="0" timestamp="2023-03-08T15:51:38 IST" skipped="0">
  <testcase classname="com.testng.dataprovider1.DataProviderClassWithMethodParameterExample" name="sumOfTwoNumbersMethodTwo" time="0.001"/>
  <system-out/>
  <testcase classname="com.testng.dataprovider1.DataProviderClassWithMethodParameterExample" name="sumOfTwoNumbersMethodOne" time="0.006"/>
  <system-out/>
  <testcase classname="com.testng.dataprovider1.DataProviderClassWithMethodParameterExample" name="sumOfTwoNumbersMethodOne" time="0.001"/>
  <system-out/>
  <testcase classname="com.testng.dataprovider1.DataProviderClassWithMethodParameterExample" name="sumOfTwoNumbersMethodTwo" time="0.001"/>
  <system-out/>
</testsuite> <!-- com.testng.dataprovider1.DataProviderClassWithMethodParameterExample -->
