<?xml version="1.0" encoding="UTF-8"?>
<!-- Generated by org.testng.reporters.JUnitReportReporter -->
<testsuite hostname="USGURNKUMARSA04" failures="0" tests="1" name="executionorder.AnnotationsTest" time="0.010" errors="0" timestamp="2023-03-10T20:42:20 IST" skipped="0">
  <testcase classname="executionorder.AnnotationsTest" name="first" time="0.010"/>
  <system-out/>
</testsuite> <!-- executionorder.AnnotationsTest -->
