<?xml version="1.0" encoding="UTF-8"?>
<!-- Generated by org.testng.reporters.JUnitReportReporter -->
<testsuite hostname="USGURNKUMARSA04" failures="0" tests="1" name="com.testing.dataprovider.DataProviderAcceptanceExample" time="0.002" errors="0" timestamp="2023-03-08T22:18:47 IST" skipped="0">
  <testcase classname="com.testing.dataprovider.DataProviderAcceptanceExample" name="acceptanceTest" time="0.002"/>
  <system-out/>
</testsuite> <!-- com.testing.dataprovider.DataProviderAcceptanceExample -->
