<?xml version="1.0" encoding="UTF-8"?>
<!-- Generated by org.testng.reporters.JUnitReportReporter -->
<testsuite hostname="USGURNKUMARSA04" failures="0" tests="1" name="com.selenium.webelement.XpathClass" time="53.593" errors="0" timestamp="2023-04-20T18:26:41 IST" skipped="0">
  <testcase classname="com.selenium.webelement.XpathClass" name="absoluteXpath" time="53.593"/>
  <system-out/>
</testsuite> <!-- com.selenium.webelement.XpathClass -->
