<?xml version="1.0" encoding="UTF-8"?>
<!-- Generated by org.testng.reporters.JUnitReportReporter -->
<testsuite hostname="USGURNKUMARSA04" failures="0" tests="1" name="com.selenium.basic.InvokeOtherBrowsers" time="9.579" errors="0" timestamp="2023-04-07T15:36:26 IST" skipped="0">
  <testcase classname="com.selenium.basic.InvokeOtherBrowsers" name="verifyFaceBookHomePage" time="9.579"/>
  <system-out/>
</testsuite> <!-- com.selenium.basic.InvokeOtherBrowsers -->
