<?xml version="1.0" encoding="UTF-8"?>
<!-- Generated by org.testng.reporters.JUnitReportReporter -->
<testsuite hostname="USGURNKUMARSA04" failures="0" tests="1" name="com.selenium.webelement.ReddifSignInTest" time="173.772" errors="0" timestamp="2023-04-08T15:48:53 IST" skipped="0">
  <testcase classname="com.selenium.webelement.ReddifSignInTest" name="testReddifSignIn" time="173.772"/>
  <system-out/>
</testsuite> <!-- com.selenium.webelement.ReddifSignInTest -->
