<?xml version="1.0" encoding="UTF-8"?>
<!-- Generated by org.testng.reporters.JUnitReportReporter -->
<testsuite hostname="USGURNKUMARSA04" failures="0" tests="1" name="com.selenium.webelement.FindElementClass" time="27.139" errors="0" timestamp="2023-04-20T13:59:31 IST" skipped="0">
  <testcase classname="com.selenium.webelement.FindElementClass" name="findElementTest" time="27.139"/>
  <system-out/>
</testsuite> <!-- com.selenium.webelement.FindElementClass -->
