<?xml version="1.0" encoding="UTF-8"?>
<!-- Generated by org.testng.reporters.JUnitReportReporter -->
<testsuite hostname="USGURNKUMARSA04" failures="0" tests="1" name="com.selenium.basic.OpenGoogle" time="88.522" errors="0" timestamp="2023-04-08T14:42:52 IST" skipped="0">
  <testcase classname="com.selenium.basic.OpenGoogle" name="verifyGoogleHomePage" time="88.522"/>
  <system-out/>
</testsuite> <!-- com.selenium.basic.OpenGoogle -->
